<?xml version="1.0" encoding="UTF-8" ?>
<testsuite tests="4" failures="4" name="SumOfNumbersTest" time="0.057" errors="0" skipped="0">
  <properties>
[...]
</properties>
  <testcase classname="SumOfNumbersTest" name="test1" time="0.043">
    <failure message="When the input was:
-5
4
-3
1
0

The print should have contained &quot;Sum of the numbers: -3&quot;.
Now the print wasutefdu
Give a number:
Give a number:
Give a number:
Give a number:
Give a number:
Number of negative numbers: 4
" type="java.lang.AssertionError">java.lang.AssertionError: When the input was:
-5
4
-3
1
0

The print should have contained &quot;Sum of the numbers: -3&quot;.
Now the print wasutefdu
Give a number:
Give a number:
Give a number:
Give a number:
Give a number:
Number of negative numbers: 4

	at org.junit.Assert.fail(Assert.java:88)
	at org.junit.Assert.assertTrue(Assert.java:41)
	at SumOfNumbersTest.test(SumOfNumbersTest.java:56)
	at SumOfNumbersTest.test1(SumOfNumbersTest.java:18)
	at java.base/jdk.internal.reflect.NativeMethodAccessorImpl.invoke0(Native Method)
	at java.base/jdk.internal.reflect.NativeMethodAccessorImpl.invoke(NativeMethodAccessorImpl.java:62)
	at java.base/jdk.internal.reflect.DelegatingMethodAccessorImpl.invoke(DelegatingMethodAccessorImpl.java:43)
	at java.base/java.lang.reflect.Method.invoke(Method.java:566)
	at org.junit.runners.model.FrameworkMethod$1.runReflectiveCall(FrameworkMethod.java:50)
	at org.junit.internal.runners.model.ReflectiveCallable.run(ReflectiveCallable.java:12)
	at org.junit.runners.model.FrameworkMethod.invokeExplosively(FrameworkMethod.java:47)
	at org.junit.internal.runners.statements.InvokeMethod.evaluate(InvokeMethod.java:17)
	at org.junit.internal.runners.statements.FailOnTimeout$CallableStatement.call(FailOnTimeout.java:298)
	at org.junit.internal.runners.statements.FailOnTimeout$CallableStatement.call(FailOnTimeout.java:292)
	at java.base/java.util.concurrent.FutureTask.run(FutureTask.java:264)
	at java.base/java.lang.Thread.run(Thread.java:829)
</failure>
  </testcase>
  <testcase classname="SumOfNumbersTest" name="test2" time="0.008">
    <failure message="When the input was:
-2
0

The print should have contained &quot;Sum of the numbers: -2&quot;.
Now the print wasutefdu
Give a number:
Give a number:
Number of negative numbers: 1
" type="java.lang.AssertionError">java.lang.AssertionError: When the input was:
-2
0

The print should have contained &quot;Sum of the numbers: -2&quot;.
Now the print wasutefdu
Give a number:
Give a number:
Number of negative numbers: 1

	at org.junit.Assert.fail(Assert.java:88)
	at org.junit.Assert.assertTrue(Assert.java:41)
	at SumOfNumbersTest.test(SumOfNumbersTest.java:56)
	at SumOfNumbersTest.test2(SumOfNumbersTest.java:23)
	at java.base/jdk.internal.reflect.NativeMethodAccessorImpl.invoke0(Native Method)
	at java.base/jdk.internal.reflect.NativeMethodAccessorImpl.invoke(NativeMethodAccessorImpl.java:62)
	at java.base/jdk.internal.reflect.DelegatingMethodAccessorImpl.invoke(DelegatingMethodAccessorImpl.java:43)
	at java.base/java.lang.reflect.Method.invoke(Method.java:566)
	at org.junit.runners.model.FrameworkMethod$1.runReflectiveCall(FrameworkMethod.java:50)
	at org.junit.internal.runners.model.ReflectiveCallable.run(ReflectiveCallable.java:12)
	at org.junit.runners.model.FrameworkMethod.invokeExplosively(FrameworkMethod.java:47)
	at org.junit.internal.runners.statements.InvokeMethod.evaluate(InvokeMethod.java:17)
	at org.junit.internal.runners.statements.FailOnTimeout$CallableStatement.call(FailOnTimeout.java:298)
	at org.junit.internal.runners.statements.FailOnTimeout$CallableStatement.call(FailOnTimeout.java:292)
	at java.base/java.util.concurrent.FutureTask.run(FutureTask.java:264)
	at java.base/java.lang.Thread.run(Thread.java:829)
</failure>
  </testcase>
  <testcase classname="SumOfNumbersTest" name="test3" time="0.002">
    <failure message="When the input was:
-2
-3
-1
-4
-5
0

The print should have contained &quot;Sum of the numbers: -15&quot;.
Now the print wasutefdu
Give a number:
Give a number:
Give a number:
Give a number:
Give a number:
Give a number:
Number of negative numbers: 5
" type="java.lang.AssertionError">java.lang.AssertionError: When the input was:
-2
-3
-1
-4
-5
0

The print should have contained &quot;Sum of the numbers: -15&quot;.
Now the print wasutefdu
Give a number:
Give a number:
Give a number:
Give a number:
Give a number:
Give a number:
Number of negative numbers: 5

	at org.junit.Assert.fail(Assert.java:88)
	at org.junit.Assert.assertTrue(Assert.java:41)
	at SumOfNumbersTest.test(SumOfNumbersTest.java:56)
	at SumOfNumbersTest.test3(SumOfNumbersTest.java:28)
	at java.base/jdk.internal.reflect.NativeMethodAccessorImpl.invoke0(Native Method)
	at java.base/jdk.internal.reflect.NativeMethodAccessorImpl.invoke(NativeMethodAccessorImpl.java:62)
	at java.base/jdk.internal.reflect.DelegatingMethodAccessorImpl.invoke(DelegatingMethodAccessorImpl.java:43)
	at java.base/java.lang.reflect.Method.invoke(Method.java:566)
	at org.junit.runners.model.FrameworkMethod$1.runReflectiveCall(FrameworkMethod.java:50)
	at org.junit.internal.runners.model.ReflectiveCallable.run(ReflectiveCallable.java:12)
	at org.junit.runners.model.FrameworkMethod.invokeExplosively(FrameworkMethod.java:47)
	at org.junit.internal.runners.statements.InvokeMethod.evaluate(InvokeMethod.java:17)
	at org.junit.internal.runners.statements.FailOnTimeout$CallableStatement.call(FailOnTimeout.java:298)
	at org.junit.internal.runners.statements.FailOnTimeout$CallableStatement.call(FailOnTimeout.java:292)
	at java.base/java.util.concurrent.FutureTask.run(FutureTask.java:264)
	at java.base/java.lang.Thread.run(Thread.java:829)
</failure>
  </testcase>
  <testcase classname="SumOfNumbersTest" name="test4" time="0.004">
    <failure message="When the input was:
1
3
2
3
0

The print should have contained &quot;Sum of the numbers: 9&quot;.
Now the print wasutefdu
Give a number:
Give a number:
Give a number:
Give a number:
Give a number:
Number of negative numbers: 4
" type="java.lang.AssertionError">java.lang.AssertionError: When the input was:
1
3
2
3
0

The print should have contained &quot;Sum of the numbers: 9&quot;.
Now the print wasutefdu
Give a number:
Give a number:
Give a number:
Give a number:
Give a number:
Number of negative numbers: 4

	at org.junit.Assert.fail(Assert.java:88)
	at org.junit.Assert.assertTrue(Assert.java:41)
	at SumOfNumbersTest.test(SumOfNumbersTest.java:56)
	at SumOfNumbersTest.test4(SumOfNumbersTest.java:33)
	at java.base/jdk.internal.reflect.NativeMethodAccessorImpl.invoke0(Native Method)
	at java.base/jdk.internal.reflect.NativeMethodAccessorImpl.invoke(NativeMethodAccessorImpl.java:62)
	at java.base/jdk.internal.reflect.DelegatingMethodAccessorImpl.invoke(DelegatingMethodAccessorImpl.java:43)
	at java.base/java.lang.reflect.Method.invoke(Method.java:566)
	at org.junit.runners.model.FrameworkMethod$1.runReflectiveCall(FrameworkMethod.java:50)
	at org.junit.internal.runners.model.ReflectiveCallable.run(ReflectiveCallable.java:12)
	at org.junit.runners.model.FrameworkMethod.invokeExplosively(FrameworkMethod.java:47)
	at org.junit.internal.runners.statements.InvokeMethod.evaluate(InvokeMethod.java:17)
	at org.junit.internal.runners.statements.FailOnTimeout$CallableStatement.call(FailOnTimeout.java:298)
	at org.junit.internal.runners.statements.FailOnTimeout$CallableStatement.call(FailOnTimeout.java:292)
	at java.base/java.util.concurrent.FutureTask.run(FutureTask.java:264)
	at java.base/java.lang.Thread.run(Thread.java:829)
</failure>
  </testcase>
</testsuite>