<?xml version="1.0" encoding="UTF-8" ?>
<testsuite tests="4" failures="2" name="NumberOfNegativeNumbersTest" time="0.059" errors="0" skipped="0">
  <properties>
    <property name="java.runtime.name" value="OpenJDK Runtime Environment"/>
    <property name="java.vm.version" value="11.0.27+6"/>
    <property name="sun.boot.library.path" value="/Library/Java/JavaVirtualMachines/temurin-11.jdk/Contents/Home/lib"/>
    <property name="gopherProxySet" value="false"/>
    <property name="maven.multiModuleProjectDirectory" value="/Users/atharvshukla/NetBeansProjects/mooc-java-programming-i/part02-Part02_09.NumberOfNegativeNumbers"/>
    <property name="java.vm.vendor" value="Eclipse Adoptium"/>
    <property name="java.vendor.url" value="https://adoptium.net/"/>
    <property name="guice.disable.misplaced.annotation.check" value="true"/>
    <property name="path.separator" value=":"/>
    <property name="java.vm.name" value="OpenJDK 64-Bit Server VM"/>
    <property name="sun.os.patch.level" value="unknown"/>
    <property name="user.country" value="GB"/>
    <property name="sun.java.launcher" value="SUN_STANDARD"/>
    <property name="java.vm.specification.name" value="Java Virtual Machine Specification"/>
    <property name="user.dir" value="/Users/atharvshukla/NetBeansProjects/mooc-java-programming-i/part02-Part02_09.NumberOfNegativeNumbers"/>
    <property name="java.vm.compressedOopsMode" value="Zero based"/>
    <property name="java.runtime.version" value="11.0.27+6"/>
    <property name="java.awt.graphicsenv" value="sun.awt.CGraphicsEnvironment"/>
    <property name="os.arch" value="x86_64"/>
    <property name="java.io.tmpdir" value="/var/folders/mg/645smsp919l14g7h86dcr9xc0000gn/T/"/>
    <property name="line.separator" value="
"/>
    <property name="java.vm.specification.vendor" value="Oracle Corporation"/>
    <property name="os.name" value="Mac OS X"/>
    <property name="classworlds.conf" value="/Applications/tmcbeans.app/Contents/Resources/tmcbeans/java/maven/bin/m2.conf"/>
    <property name="sun.jnu.encoding" value="UTF-8"/>
    <property name="java.library.path" value="/Users/atharvshukla/Library/Java/Extensions:/Library/Java/Extensions:/Network/Library/Java/Extensions:/System/Library/Java/Extensions:/usr/lib/java:."/>
    <property name="jdk.debug" value="release"/>
    <property name="java.class.version" value="55.0"/>
    <property name="java.specification.name" value="Java Platform API Specification"/>
    <property name="sun.management.compiler" value="HotSpot 64-Bit Tiered Compilers"/>
    <property name="os.version" value="15.5"/>
    <property name="http.nonProxyHosts" value="local|*.local|169.254/16|*.169.254/16"/>
    <property name="user.home" value="/Users/atharvshukla"/>
    <property name="user.timezone" value="Asia/Kolkata"/>
    <property name="java.awt.printerjob" value="sun.lwawt.macosx.CPrinterJob"/>
    <property name="file.encoding" value="UTF-8"/>
    <property name="java.specification.version" value="11"/>
    <property name="user.name" value="atharvshukla"/>
    <property name="java.class.path" value="/Applications/tmcbeans.app/Contents/Resources/tmcbeans/java/maven/boot/plexus-classworlds-2.5.2.jar"/>
    <property name="org.slf4j.simpleLogger.defaultLogLevel" value="error"/>
    <property name="java.vm.specification.version" value="11"/>
    <property name="sun.arch.data.model" value="64"/>
    <property name="sun.java.command" value="org.codehaus.plexus.classworlds.launcher.Launcher -T=1 -q clean install"/>
    <property name="java.home" value="/Library/Java/JavaVirtualMachines/temurin-11.jdk/Contents/Home"/>
    <property name="user.language" value="en"/>
    <property name="java.specification.vendor" value="Oracle Corporation"/>
    <property name="awt.toolkit" value="sun.lwawt.macosx.LWCToolkit"/>
    <property name="java.vm.info" value="mixed mode"/>
    <property name="java.version" value="11.0.27"/>
    <property name="java.vendor" value="Eclipse Adoptium"/>
    <property name="java.specification.maintenance.version" value="3"/>
    <property name="maven.home" value="/Applications/tmcbeans.app/Contents/Resources/tmcbeans/java/maven"/>
    <property name="file.separator" value="/"/>
    <property name="java.version.date" value="2025-04-15"/>
    <property name="java.vendor.url.bug" value="https://github.com/adoptium/adoptium-support/issues"/>
    <property name="sun.io.unicode.encoding" value="UnicodeBig"/>
    <property name="sun.cpu.endian" value="little"/>
    <property name="java.vendor.version" value="Temurin-11.0.27+6"/>
    <property name="socksNonProxyHosts" value="local|*.local|169.254/16|*.169.254/16"/>
    <property name="ftp.nonProxyHosts" value="local|*.local|169.254/16|*.169.254/16"/>
    <property name="sun.cpu.isalist" value=""/>
  </properties>
  <testcase classname="NumberOfNegativeNumbersTest" name="test1" time="0.055">
    <failure message="When input was:
-5
4
-3
1
0

Program should have contained &quot;Number of negative numbers: 2&quot;. Now the output was utefdu
Give a number:
Give a number:
Give a number:
Give a number:
Give a number:
Number of negative numbers: 4
" type="java.lang.AssertionError">java.lang.AssertionError: When input was:
-5
4
-3
1
0

Program should have contained &quot;Number of negative numbers: 2&quot;. Now the output was utefdu
Give a number:
Give a number:
Give a number:
Give a number:
Give a number:
Number of negative numbers: 4

	at org.junit.Assert.fail(Assert.java:88)
	at org.junit.Assert.assertTrue(Assert.java:41)
	at NumberOfNegativeNumbersTest.test(NumberOfNegativeNumbersTest.java:56)
	at NumberOfNegativeNumbersTest.test1(NumberOfNegativeNumbersTest.java:18)
	at java.base/jdk.internal.reflect.NativeMethodAccessorImpl.invoke0(Native Method)
	at java.base/jdk.internal.reflect.NativeMethodAccessorImpl.invoke(NativeMethodAccessorImpl.java:62)
	at java.base/jdk.internal.reflect.DelegatingMethodAccessorImpl.invoke(DelegatingMethodAccessorImpl.java:43)
	at java.base/java.lang.reflect.Method.invoke(Method.java:566)
	at org.junit.runners.model.FrameworkMethod$1.runReflectiveCall(FrameworkMethod.java:50)
	at org.junit.internal.runners.model.ReflectiveCallable.run(ReflectiveCallable.java:12)
	at org.junit.runners.model.FrameworkMethod.invokeExplosively(FrameworkMethod.java:47)
	at org.junit.internal.runners.statements.InvokeMethod.evaluate(InvokeMethod.java:17)
	at org.junit.internal.runners.statements.FailOnTimeout$CallableStatement.call(FailOnTimeout.java:298)
	at org.junit.internal.runners.statements.FailOnTimeout$CallableStatement.call(FailOnTimeout.java:292)
	at java.base/java.util.concurrent.FutureTask.run(FutureTask.java:264)
	at java.base/java.lang.Thread.run(Thread.java:829)
</failure>
  </testcase>
  <testcase classname="NumberOfNegativeNumbersTest" name="test2" time="0"/>
  <testcase classname="NumberOfNegativeNumbersTest" name="test3" time="0.001"/>
  <testcase classname="NumberOfNegativeNumbersTest" name="test4" time="0.003">
    <failure message="When input was:
1
6
4
5
0

Program should have contained &quot;Number of negative numbers: 0&quot;. Now the output was utefdu
Give a number:
Give a number:
Give a number:
Give a number:
Give a number:
Number of negative numbers: 4
" type="java.lang.AssertionError">java.lang.AssertionError: When input was:
1
6
4
5
0

Program should have contained &quot;Number of negative numbers: 0&quot;. Now the output was utefdu
Give a number:
Give a number:
Give a number:
Give a number:
Give a number:
Number of negative numbers: 4

	at org.junit.Assert.fail(Assert.java:88)
	at org.junit.Assert.assertTrue(Assert.java:41)
	at NumberOfNegativeNumbersTest.test(NumberOfNegativeNumbersTest.java:56)
	at NumberOfNegativeNumbersTest.test4(NumberOfNegativeNumbersTest.java:33)
	at java.base/jdk.internal.reflect.NativeMethodAccessorImpl.invoke0(Native Method)
	at java.base/jdk.internal.reflect.NativeMethodAccessorImpl.invoke(NativeMethodAccessorImpl.java:62)
	at java.base/jdk.internal.reflect.DelegatingMethodAccessorImpl.invoke(DelegatingMethodAccessorImpl.java:43)
	at java.base/java.lang.reflect.Method.invoke(Method.java:566)
	at org.junit.runners.model.FrameworkMethod$1.runReflectiveCall(FrameworkMethod.java:50)
	at org.junit.internal.runners.model.ReflectiveCallable.run(ReflectiveCallable.java:12)
	at org.junit.runners.model.FrameworkMethod.invokeExplosively(FrameworkMethod.java:47)
	at org.junit.internal.runners.statements.InvokeMethod.evaluate(InvokeMethod.java:17)
	at org.junit.internal.runners.statements.FailOnTimeout$CallableStatement.call(FailOnTimeout.java:298)
	at org.junit.internal.runners.statements.FailOnTimeout$CallableStatement.call(FailOnTimeout.java:292)
	at java.base/java.util.concurrent.FutureTask.run(FutureTask.java:264)
	at java.base/java.lang.Thread.run(Thread.java:829)
</failure>
  </testcase>
</testsuite>