<?xml version="1.0" encoding="UTF-8" ?>
<testsuite tests="4" failures="2" name="NumberOfNegativeNumbersTest" time="0.059" errors="0" skipped="0">
  <properties>
[...]
</properties>
  <testcase classname="NumberOfNegativeNumbersTest" name="test1" time="0.055">
    <failure message="When input was:
-5
4
-3
1
0

Program should have contained &quot;Number of negative numbers: 2&quot;. Now the output was utefdu
Give a number:
Give a number:
Give a number:
Give a number:
Give a number:
Number of negative numbers: 4
" type="java.lang.AssertionError">java.lang.AssertionError: When input was:
-5
4
-3
1
0

Program should have contained &quot;Number of negative numbers: 2&quot;. Now the output was utefdu
Give a number:
Give a number:
Give a number:
Give a number:
Give a number:
Number of negative numbers: 4

	at org.junit.Assert.fail(Assert.java:88)
	at org.junit.Assert.assertTrue(Assert.java:41)
	at NumberOfNegativeNumbersTest.test(NumberOfNegativeNumbersTest.java:56)
	at NumberOfNegativeNumbersTest.test1(NumberOfNegativeNumbersTest.java:18)
	at java.base/jdk.internal.reflect.NativeMethodAccessorImpl.invoke0(Native Method)
	at java.base/jdk.internal.reflect.NativeMethodAccessorImpl.invoke(NativeMethodAccessorImpl.java:62)
	at java.base/jdk.internal.reflect.DelegatingMethodAccessorImpl.invoke(DelegatingMethodAccessorImpl.java:43)
	at java.base/java.lang.reflect.Method.invoke(Method.java:566)
	at org.junit.runners.model.FrameworkMethod$1.runReflectiveCall(FrameworkMethod.java:50)
	at org.junit.internal.runners.model.ReflectiveCallable.run(ReflectiveCallable.java:12)
	at org.junit.runners.model.FrameworkMethod.invokeExplosively(FrameworkMethod.java:47)
	at org.junit.internal.runners.statements.InvokeMethod.evaluate(InvokeMethod.java:17)
	at org.junit.internal.runners.statements.FailOnTimeout$CallableStatement.call(FailOnTimeout.java:298)
	at org.junit.internal.runners.statements.FailOnTimeout$CallableStatement.call(FailOnTimeout.java:292)
	at java.base/java.util.concurrent.FutureTask.run(FutureTask.java:264)
	at java.base/java.lang.Thread.run(Thread.java:829)
</failure>
  </testcase>
  <testcase classname="NumberOfNegativeNumbersTest" name="test2" time="0"/>
  <testcase classname="NumberOfNegativeNumbersTest" name="test3" time="0.001"/>
  <testcase classname="NumberOfNegativeNumbersTest" name="test4" time="0.003">
    <failure message="When input was:
1
6
4
5
0

Program should have contained &quot;Number of negative numbers: 0&quot;. Now the output was utefdu
Give a number:
Give a number:
Give a number:
Give a number:
Give a number:
Number of negative numbers: 4
" type="java.lang.AssertionError">java.lang.AssertionError: When input was:
1
6
4
5
0

Program should have contained &quot;Number of negative numbers: 0&quot;. Now the output was utefdu
Give a number:
Give a number:
Give a number:
Give a number:
Give a number:
Number of negative numbers: 4

	at org.junit.Assert.fail(Assert.java:88)
	at org.junit.Assert.assertTrue(Assert.java:41)
	at NumberOfNegativeNumbersTest.test(NumberOfNegativeNumbersTest.java:56)
	at NumberOfNegativeNumbersTest.test4(NumberOfNegativeNumbersTest.java:33)
	at java.base/jdk.internal.reflect.NativeMethodAccessorImpl.invoke0(Native Method)
	at java.base/jdk.internal.reflect.NativeMethodAccessorImpl.invoke(NativeMethodAccessorImpl.java:62)
	at java.base/jdk.internal.reflect.DelegatingMethodAccessorImpl.invoke(DelegatingMethodAccessorImpl.java:43)
	at java.base/java.lang.reflect.Method.invoke(Method.java:566)
	at org.junit.runners.model.FrameworkMethod$1.runReflectiveCall(FrameworkMethod.java:50)
	at org.junit.internal.runners.model.ReflectiveCallable.run(ReflectiveCallable.java:12)
	at org.junit.runners.model.FrameworkMethod.invokeExplosively(FrameworkMethod.java:47)
	at org.junit.internal.runners.statements.InvokeMethod.evaluate(InvokeMethod.java:17)
	at org.junit.internal.runners.statements.FailOnTimeout$CallableStatement.call(FailOnTimeout.java:298)
	at org.junit.internal.runners.statements.FailOnTimeout$CallableStatement.call(FailOnTimeout.java:292)
	at java.base/java.util.concurrent.FutureTask.run(FutureTask.java:264)
	at java.base/java.lang.Thread.run(Thread.java:829)
</failure>
  </testcase>
</testsuite>